"Start of log file."
"D:/Unity Tutorial/tutorial0601/oculus_lipsync_practice/Assets/Models/f001_hi_max2008_test2.max"
"Starting max loading and fbx conversion"
window = undefined
"Settings units"
"Before fbx export"
"After fbx export"
"Finished max loading and fbx conversion"
"D:/Unity Tutorial/tutorial0601/oculus_lipsync_practice/Assets/Models/f001_hi_max2008_test2.max"
"Starting max loading and fbx conversion"
window = undefined
"Settings units"
"Before fbx export"
"After fbx export"
"Finished max loading and fbx conversion"
"D:/Unity Tutorial/tutorial0601/oculus_lipsync_practice/Assets/Models/f001_hi_max2008_test2.max"
"Starting max loading and fbx conversion"
window = undefined
"Settings units"
"Before fbx export"
"After fbx export"
"Finished max loading and fbx conversion"
