"Start of log file."
"D:/Unity Tutorial/tutorial0601/salsa_oculus_practice/Assets/Models/m019_hi_max2008_v2018.max"
"Starting max loading and fbx conversion"
window = undefined
"Settings units"
"Before fbx export"
"After fbx export"
"Finished max loading and fbx conversion"
"D:/Unity Tutorial/tutorial0601/salsa_oculus_practice/Assets/Models/f003_hi_max2008_v2018.max"
"Starting max loading and fbx conversion"
window = undefined
"Settings units"
"Before fbx export"
"After fbx export"
"Finished max loading and fbx conversion"
"D:/Unity Tutorial/tutorial0601/salsa_oculus_practice/Assets/Models/f003_hi_max2008_v2018.max"
"Starting max loading and fbx conversion"
window = undefined
"Settings units"
"Before fbx export"
"After fbx export"
"Finished max loading and fbx conversion"
"D:/Unity Tutorial/tutorial0601/salsa_oculus_practice/Assets/Models/m019_hi_max2008_v2018.max"
"Starting max loading and fbx conversion"
window = undefined
"Settings units"
"Before fbx export"
"After fbx export"
"Finished max loading and fbx conversion"
"D:/Unity Tutorial/tutorial0601/salsa_oculus_practice/Assets/Models/f003_hi_max2008_v2018.max"
"Starting max loading and fbx conversion"
window = undefined
"Settings units"
"Before fbx export"
"After fbx export"
"Finished max loading and fbx conversion"
"D:/Unity Tutorial/tutorial0601/salsa_oculus_practice/Assets/Models/m019_hi_max2008_v2018.max"
"Starting max loading and fbx conversion"
window = undefined
"Settings units"
"Before fbx export"
"After fbx export"
"Finished max loading and fbx conversion"
