"Start of log file."
"D:/Unity Tutorial/tutorial0601/salsa_practice/Assets/Models/f001_hi_max2008.max"
"Starting max loading and fbx conversion"
window = undefined
"Settings units"
"Before fbx export"
"After fbx export"
"Finished max loading and fbx conversion"
"D:/Unity Tutorial/tutorial0601/salsa_practice/Assets/Crazy Minnow Studio/Examples/3D/boxHead.v2/boxHead.v2.max"
"Starting max loading and fbx conversion"
window = undefined
"Settings units"
"Before fbx export"
"After fbx export"
"Finished max loading and fbx conversion"
"D:/Unity Tutorial/tutorial0601/salsa_practice/Assets/Models/f001_hi_max2008_test2eye.max"
"Starting max loading and fbx conversion"
window = undefined
"Settings units"
"Before fbx export"
"After fbx export"
"Finished max loading and fbx conversion"
"D:/Unity Tutorial/tutorial0601/salsa_practice/Assets/Models/f001_hi_max2008_test2mouth.max"
"Starting max loading and fbx conversion"
window = undefined
"Settings units"
"Before fbx export"
"After fbx export"
"Finished max loading and fbx conversion"
"D:/Unity Tutorial/tutorial0601/salsa_practice/Assets/Models/f001_hi_max2008_01.max"
"Starting max loading and fbx conversion"
window = undefined
"Settings units"
"Before fbx export"
"After fbx export"
"Finished max loading and fbx conversion"
